<?xml version="1.0" encoding="UTF-8"?>
<!-- Generated by org.testng.reporters.JUnitReportReporter -->
<testsuite hostname="luk-49ymtc2" failures="0" tests="2" name="com.qa.api.gorest.tests.GetUserTest" time="11.230" errors="0" timestamp="2020-03-09T12:18:24 GMT" skipped="0">
  <testcase classname="com.qa.api.gorest.tests.GetUserTest" name="getAllUserListAPITest" time="9.512"/>
  <testcase classname="com.qa.api.gorest.tests.GetUserTest" name="getUserWithQueryParamsAPITest" time="1.718"/>
</testsuite> <!-- com.qa.api.gorest.tests.GetUserTest -->
