<?xml version="1.0" encoding="UTF-8"?>
<!-- Generated by org.testng.reporters.JUnitReportReporter -->
<testsuite hostname="luk-49ymtc2" failures="0" tests="3" name="com.qa.api.gorest.tests.GetImgurAPITest" time="13.576" errors="0" timestamp="2020-03-09T12:18:24 GMT" skipped="0">
  <testcase classname="com.qa.api.gorest.tests.GetImgurAPITest" name="getAccountImages" time="1.346"/>
  <testcase classname="com.qa.api.gorest.tests.GetImgurAPITest" name="getAccountBlockStatus" time="1.348"/>
  <testcase classname="com.qa.api.gorest.tests.GetImgurAPITest" name="uploadImagePostAPITest" time="10.882"/>
</testsuite> <!-- com.qa.api.gorest.tests.GetImgurAPITest -->
