<?xml version="1.0" encoding="UTF-8"?>
<!-- Generated by org.testng.reporters.JUnitReportReporter -->
<testsuite hostname="luk-49ymtc2" failures="0" tests="1" name="com.qa.api.gorest.pojo.UserResult" time="5.316" errors="0" timestamp="2020-03-05T16:47:31 GMT" skipped="0">
  <testcase classname="com.qa.api.gorest.pojo.UserResult" name="createUserWithFullJson" time="5.316"/>
</testsuite> <!-- com.qa.api.gorest.pojo.UserResult -->
