<?xml version="1.0" encoding="UTF-8"?>
<!-- Generated by org.testng.reporters.JUnitReportReporter -->
<testsuite hostname="luk-49ymtc2" failures="0" tests="4" name="com.qa.api.gorest.tests.CreateUserTest" time="8.540" errors="0" timestamp="2020-03-09T12:18:24 GMT" skipped="0">
  <testcase classname="com.qa.api.gorest.tests.CreateUserTest" name="createUserAPIPOSTTest" time="1.336"/>
  <testcase classname="com.qa.api.gorest.tests.CreateUserTest" name="createUserAPIPOSTTest" time="1.510"/>
  <testcase classname="com.qa.api.gorest.tests.CreateUserTest" name="createUserAPIPOSTTest" time="1.281"/>
  <testcase classname="com.qa.api.gorest.tests.CreateUserTest" name="createUserAPIPOSTTest" time="4.413"/>
</testsuite> <!-- com.qa.api.gorest.tests.CreateUserTest -->
