<?xml version="1.0" encoding="UTF-8"?>
<!-- Generated by org.testng.reporters.JUnitReportReporter -->
<testsuite hostname="luk-49ymtc2" failures="0" tests="1" name="com.qa.api.gorest.util.Token" time="2.804" errors="0" timestamp="2020-03-05T10:43:32 GMT" skipped="0">
  <testcase classname="com.qa.api.gorest.util.Token" name="getAccessToken" time="2.804"/>
</testsuite> <!-- com.qa.api.gorest.util.Token -->
